[Wed Jan 22 2014 21:17:34 GMT+0100 (Paris, Madrid)] DEBUG preparing email
[Wed Jan 22 2014 21:17:34 GMT+0100 (Paris, Madrid)] INFO sending email
[Wed Jan 22 2014 21:17:34 GMT+0100 (Paris, Madrid)] ERROR failed to send email
[Wed Jan 22 2014 21:18:09 GMT+0100 (Paris, Madrid)] DEBUG a debug message
[Wed Jan 22 2014 21:18:09 GMT+0100 (Paris, Madrid)] INFO a info message
[Wed Jan 22 2014 21:18:09 GMT+0100 (Paris, Madrid)] NOTICE a notice message
[Wed Jan 22 2014 21:18:09 GMT+0100 (Paris, Madrid)] WARNING a warning message
[Wed Jan 22 2014 21:18:09 GMT+0100 (Paris, Madrid)] ERROR a error message
[Wed Jan 22 2014 21:18:09 GMT+0100 (Paris, Madrid)] CRITICAL a critical message
[Wed Jan 22 2014 21:18:09 GMT+0100 (Paris, Madrid)] ALERT a alert message
[Wed Jan 22 2014 21:18:09 GMT+0100 (Paris, Madrid)] EMERGENCY a emergency message
[Wed Jan 22 2014 21:18:31 GMT+0100 (Paris, Madrid)] NOTICE a notice message
[Wed Jan 22 2014 21:18:41 GMT+0100 (Paris, Madrid)] NOTICE a notice message
[Wed Jan 22 2014 21:18:55 GMT+0100 (Paris, Madrid)] NOTICE a notice message FFFFFFFF
strict mod !!!!!!

// TODO
CALLBACK !!!
module.exports = {
    testConnectUser: function(username, password, callback){
        connection.connect();
        connection.query('SELECT * FROM pictionary.user', function(err, rows, fields) {
            if (err) throw err;
            console.log(rows[0].id);
            rep = rows[0].id;
            callback(rep);
        });
        connection.end();
    }
};

psql.testConnectUser(req.body.username, req.body.password, function(rep){
            console.log('--> POST : '+rep);
            res.render('login');
        });

        gerer erreur sql (pas de serveur)